#-----------------------------------------------------------
# Vivado v2014.4 (64-bit)
# SW Build 1071353 on Tue Nov 18 16:47:07 MST 2014
# IP Build 1070531 on Tue Nov 18 01:10:18 MST 2014
# Start of session at: Wed May 25 08:45:58 2016
# Process ID: 21720
# Log file: /home/graham/Dropbox/SysgenOutput/TE0722/vivado.log
# Journal file: /home/graham/Dropbox/SysgenOutput/TE0722/vivado.jou
#-----------------------------------------------------------
source ProjectGeneration.tcl -notrace
WARNING: [Coretcl 2-176] No IPs found
INFO: [IP_Flow 19-234] Refreshing IP repositories
INFO: [IP_Flow 19-1704] No user IP repositories specified
INFO: [IP_Flow 19-2313] Loaded Vivado IP repository '/opt/Xilinx/Vivado/2014.4/data/ip'.
create_ip: Time (s): cpu = 00:00:02 ; elapsed = 00:00:08 . Memory (MB): peak = 901.379 ; gain = 82.070 ; free physical = 184 ; free virtual = 1574
WARNING: [Vivado 12-3523] Attempt to change 'Component_Name' from 'n3_te0722_blk_mem_gen_v8_2_0' to 'n3_te0722_blk_mem_gen_v8_2_0' is not allowed and is ignored.
WARNING: [Vivado 12-3523] Attempt to change 'Component_Name' from 'n3_te0722_c_counter_binary_v12_0_0' to 'n3_te0722_c_counter_binary_v12_0_0' is not allowed and is ignored.
WARNING: [Vivado 12-3523] Attempt to change 'Component_Name' from 'n3_te0722_c_counter_binary_v12_0_1' to 'n3_te0722_c_counter_binary_v12_0_1' is not allowed and is ignored.
WARNING: [Vivado 12-3523] Attempt to change 'Component_Name' from 'n3_te0722_c_counter_binary_v12_0_2' to 'n3_te0722_c_counter_binary_v12_0_2' is not allowed and is ignored.
WARNING: [Vivado 12-3523] Attempt to change 'Component_Name' from 'n3_te0722_c_counter_binary_v12_0_3' to 'n3_te0722_c_counter_binary_v12_0_3' is not allowed and is ignored.
WARNING: [Vivado 12-3523] Attempt to change 'Component_Name' from 'n3_te0722_c_counter_binary_v12_0_4' to 'n3_te0722_c_counter_binary_v12_0_4' is not allowed and is ignored.
WARNING: [Vivado 12-3523] Attempt to change 'Component_Name' from 'n3_te0722_dist_mem_gen_v8_0_0' to 'n3_te0722_dist_mem_gen_v8_0_0' is not allowed and is ignored.
WARNING: [IP_Flow 19-3374] An attempt to modify the value of disabled parameter 'ce_overrides' from 'ce_overrides_sync_controls' to 'sync_controls_overrides_ce' has been ignored for IP 'n3_te0722_dist_mem_gen_v8_0_0'
WARNING: [Vivado 12-3523] Attempt to change 'Component_Name' from 'n3_te0722_c_counter_binary_v12_0_5' to 'n3_te0722_c_counter_binary_v12_0_5' is not allowed and is ignored.
WARNING: [Vivado 12-3523] Attempt to change 'Component_Name' from 'n3_te0722_blk_mem_gen_v8_2_1' to 'n3_te0722_blk_mem_gen_v8_2_1' is not allowed and is ignored.
WARNING: [Vivado 12-3523] Attempt to change 'Component_Name' from 'n3_te0722_blk_mem_gen_v8_2_2' to 'n3_te0722_blk_mem_gen_v8_2_2' is not allowed and is ignored.
WARNING: [Vivado 12-3523] Attempt to change 'Component_Name' from 'n3_te0722_fifo_generator_v12_0_0' to 'n3_te0722_fifo_generator_v12_0_0' is not allowed and is ignored.
WARNING: [IP_Flow 19-3374] An attempt to modify the value of disabled parameter 'Use_Dout_Reset' from 'false' to 'true' has been ignored for IP 'n3_te0722_fifo_generator_v12_0_0'
WARNING: [Vivado 12-3523] Attempt to change 'Component_Name' from 'n3_te0722_c_counter_binary_v12_0_6' to 'n3_te0722_c_counter_binary_v12_0_6' is not allowed and is ignored.
WARNING: [Vivado 12-3523] Attempt to change 'Component_Name' from 'n3_te0722_blk_mem_gen_v8_2_3' to 'n3_te0722_blk_mem_gen_v8_2_3' is not allowed and is ignored.
WARNING: [Vivado 12-3523] Attempt to change 'Component_Name' from 'n3_te0722_blk_mem_gen_v8_2_4' to 'n3_te0722_blk_mem_gen_v8_2_4' is not allowed and is ignored.
WARNING: [Vivado 12-3523] Attempt to change 'Component_Name' from 'n3_te0722_mult_gen_v12_0_0' to 'n3_te0722_mult_gen_v12_0_0' is not allowed and is ignored.
WARNING: [Vivado 12-3523] Attempt to change 'Component_Name' from 'n3_te0722_c_addsub_v12_0_0' to 'n3_te0722_c_addsub_v12_0_0' is not allowed and is ignored.
WARNING: [IP_Flow 19-3374] An attempt to modify the value of disabled parameter 'B_Value' from '0000000000000000000000000000' to '0' has been ignored for IP 'n3_te0722_c_addsub_v12_0_0'
WARNING: [IP_Flow 19-3374] An attempt to modify the value of disabled parameter 'Bypass_Sense' from 'Active_High' to 'Active_Low' has been ignored for IP 'n3_te0722_c_addsub_v12_0_0'
WARNING: [IP_Flow 19-3374] An attempt to modify the value of disabled parameter 'Bypass_CE_Priority' from 'CE_Overrides_Bypass' to 'Bypass_Overrides_CE' has been ignored for IP 'n3_te0722_c_addsub_v12_0_0'
WARNING: [Vivado 12-3523] Attempt to change 'Component_Name' from 'n3_te0722_c_counter_binary_v12_0_7' to 'n3_te0722_c_counter_binary_v12_0_7' is not allowed and is ignored.
WARNING: [Vivado 12-3523] Attempt to change 'Component_Name' from 'n3_te0722_c_addsub_v12_0_1' to 'n3_te0722_c_addsub_v12_0_1' is not allowed and is ignored.
WARNING: [IP_Flow 19-3374] An attempt to modify the value of disabled parameter 'B_Value' from '0000000000000000000000000' to '0' has been ignored for IP 'n3_te0722_c_addsub_v12_0_1'
WARNING: [IP_Flow 19-3374] An attempt to modify the value of disabled parameter 'Bypass_Sense' from 'Active_High' to 'Active_Low' has been ignored for IP 'n3_te0722_c_addsub_v12_0_1'
WARNING: [IP_Flow 19-3374] An attempt to modify the value of disabled parameter 'Bypass_CE_Priority' from 'CE_Overrides_Bypass' to 'Bypass_Overrides_CE' has been ignored for IP 'n3_te0722_c_addsub_v12_0_1'
WARNING: [Vivado 12-3523] Attempt to change 'Component_Name' from 'n3_te0722_c_addsub_v12_0_2' to 'n3_te0722_c_addsub_v12_0_2' is not allowed and is ignored.
WARNING: [IP_Flow 19-3374] An attempt to modify the value of disabled parameter 'B_Value' from '0000000000000000000' to '0' has been ignored for IP 'n3_te0722_c_addsub_v12_0_2'
WARNING: [IP_Flow 19-3374] An attempt to modify the value of disabled parameter 'Bypass_Sense' from 'Active_High' to 'Active_Low' has been ignored for IP 'n3_te0722_c_addsub_v12_0_2'
WARNING: [IP_Flow 19-3374] An attempt to modify the value of disabled parameter 'Bypass_CE_Priority' from 'CE_Overrides_Bypass' to 'Bypass_Overrides_CE' has been ignored for IP 'n3_te0722_c_addsub_v12_0_2'
WARNING: [Vivado 12-3523] Attempt to change 'Component_Name' from 'n3_te0722_mult_gen_v12_0_1' to 'n3_te0722_mult_gen_v12_0_1' is not allowed and is ignored.
WARNING: [IP_Flow 19-3374] An attempt to modify the value of disabled parameter 'PortBType' from 'Signed' to 'Unsigned' has been ignored for IP 'n3_te0722_mult_gen_v12_0_1'
WARNING: [IP_Flow 19-3374] An attempt to modify the value of disabled parameter 'PortBWidth' from '18' to '16' has been ignored for IP 'n3_te0722_mult_gen_v12_0_1'
WARNING: [Vivado 12-3523] Attempt to change 'Component_Name' from 'n3_te0722_blk_mem_gen_v8_2_5' to 'n3_te0722_blk_mem_gen_v8_2_5' is not allowed and is ignored.
WARNING: [Vivado 12-3523] Attempt to change 'Component_Name' from 'n3_te0722_mult_gen_v12_0_2' to 'n3_te0722_mult_gen_v12_0_2' is not allowed and is ignored.
WARNING: [Vivado 12-3523] Attempt to change 'Component_Name' from 'n3_te0722_c_addsub_v12_0_3' to 'n3_te0722_c_addsub_v12_0_3' is not allowed and is ignored.
WARNING: [IP_Flow 19-3374] An attempt to modify the value of disabled parameter 'B_Value' from '000000000' to '0' has been ignored for IP 'n3_te0722_c_addsub_v12_0_3'
WARNING: [IP_Flow 19-3374] An attempt to modify the value of disabled parameter 'Bypass_Sense' from 'Active_High' to 'Active_Low' has been ignored for IP 'n3_te0722_c_addsub_v12_0_3'
WARNING: [IP_Flow 19-3374] An attempt to modify the value of disabled parameter 'Bypass_CE_Priority' from 'CE_Overrides_Bypass' to 'Bypass_Overrides_CE' has been ignored for IP 'n3_te0722_c_addsub_v12_0_3'
WARNING: [Vivado 12-3523] Attempt to change 'Component_Name' from 'n3_te0722_blk_mem_gen_v8_2_6' to 'n3_te0722_blk_mem_gen_v8_2_6' is not allowed and is ignored.
WARNING: [Vivado 12-3523] Attempt to change 'Component_Name' from 'n3_te0722_c_counter_binary_v12_0_8' to 'n3_te0722_c_counter_binary_v12_0_8' is not allowed and is ignored.
WARNING: [Vivado 12-3523] Attempt to change 'Component_Name' from 'n3_te0722_dist_mem_gen_v8_0_1' to 'n3_te0722_dist_mem_gen_v8_0_1' is not allowed and is ignored.
WARNING: [IP_Flow 19-3374] An attempt to modify the value of disabled parameter 'ce_overrides' from 'ce_overrides_sync_controls' to 'sync_controls_overrides_ce' has been ignored for IP 'n3_te0722_dist_mem_gen_v8_0_1'
WARNING: [Vivado 12-3523] Attempt to change 'Component_Name' from 'n3_te0722_c_addsub_v12_0_4' to 'n3_te0722_c_addsub_v12_0_4' is not allowed and is ignored.
WARNING: [IP_Flow 19-3374] An attempt to modify the value of disabled parameter 'B_Value' from '00000000000000000000000000' to '0' has been ignored for IP 'n3_te0722_c_addsub_v12_0_4'
WARNING: [IP_Flow 19-3374] An attempt to modify the value of disabled parameter 'Bypass_Sense' from 'Active_High' to 'Active_Low' has been ignored for IP 'n3_te0722_c_addsub_v12_0_4'
WARNING: [IP_Flow 19-3374] An attempt to modify the value of disabled parameter 'Bypass_CE_Priority' from 'CE_Overrides_Bypass' to 'Bypass_Overrides_CE' has been ignored for IP 'n3_te0722_c_addsub_v12_0_4'
WARNING: [Vivado 12-3523] Attempt to change 'Component_Name' from 'n3_te0722_c_addsub_v12_0_5' to 'n3_te0722_c_addsub_v12_0_5' is not allowed and is ignored.
WARNING: [IP_Flow 19-3374] An attempt to modify the value of disabled parameter 'B_Value' from '0000' to '0' has been ignored for IP 'n3_te0722_c_addsub_v12_0_5'
WARNING: [IP_Flow 19-3374] An attempt to modify the value of disabled parameter 'Bypass_Sense' from 'Active_High' to 'Active_Low' has been ignored for IP 'n3_te0722_c_addsub_v12_0_5'
WARNING: [IP_Flow 19-3374] An attempt to modify the value of disabled parameter 'Bypass_CE_Priority' from 'CE_Overrides_Bypass' to 'Bypass_Overrides_CE' has been ignored for IP 'n3_te0722_c_addsub_v12_0_5'
WARNING: [Vivado 12-3523] Attempt to change 'Component_Name' from 'n3_te0722_dist_mem_gen_v8_0_2' to 'n3_te0722_dist_mem_gen_v8_0_2' is not allowed and is ignored.
WARNING: [IP_Flow 19-3374] An attempt to modify the value of disabled parameter 'ce_overrides' from 'ce_overrides_sync_controls' to 'sync_controls_overrides_ce' has been ignored for IP 'n3_te0722_dist_mem_gen_v8_0_2'
WARNING: [Vivado 12-3523] Attempt to change 'Component_Name' from 'n3_te0722_c_addsub_v12_0_6' to 'n3_te0722_c_addsub_v12_0_6' is not allowed and is ignored.
WARNING: [IP_Flow 19-3374] An attempt to modify the value of disabled parameter 'B_Value' from '0000' to '0' has been ignored for IP 'n3_te0722_c_addsub_v12_0_6'
WARNING: [IP_Flow 19-3374] An attempt to modify the value of disabled parameter 'Bypass_Sense' from 'Active_High' to 'Active_Low' has been ignored for IP 'n3_te0722_c_addsub_v12_0_6'
WARNING: [IP_Flow 19-3374] An attempt to modify the value of disabled parameter 'Bypass_CE_Priority' from 'CE_Overrides_Bypass' to 'Bypass_Overrides_CE' has been ignored for IP 'n3_te0722_c_addsub_v12_0_6'
WARNING: [Vivado 12-3523] Attempt to change 'Component_Name' from 'n3_te0722_c_addsub_v12_0_7' to 'n3_te0722_c_addsub_v12_0_7' is not allowed and is ignored.
WARNING: [IP_Flow 19-3374] An attempt to modify the value of disabled parameter 'B_Value' from '00000000000000000' to '0' has been ignored for IP 'n3_te0722_c_addsub_v12_0_7'
WARNING: [IP_Flow 19-3374] An attempt to modify the value of disabled parameter 'Bypass_Sense' from 'Active_High' to 'Active_Low' has been ignored for IP 'n3_te0722_c_addsub_v12_0_7'
WARNING: [IP_Flow 19-3374] An attempt to modify the value of disabled parameter 'Bypass_CE_Priority' from 'CE_Overrides_Bypass' to 'Bypass_Overrides_CE' has been ignored for IP 'n3_te0722_c_addsub_v12_0_7'
WARNING: [Vivado 12-3523] Attempt to change 'Component_Name' from 'n3_te0722_blk_mem_gen_v8_2_7' to 'n3_te0722_blk_mem_gen_v8_2_7' is not allowed and is ignored.
WARNING: [Vivado 12-3523] Attempt to change 'Component_Name' from 'n3_te0722_blk_mem_gen_v8_2_8' to 'n3_te0722_blk_mem_gen_v8_2_8' is not allowed and is ignored.
WARNING: [Vivado 12-3523] Attempt to change 'Component_Name' from 'n3_te0722_c_addsub_v12_0_8' to 'n3_te0722_c_addsub_v12_0_8' is not allowed and is ignored.
WARNING: [IP_Flow 19-3374] An attempt to modify the value of disabled parameter 'B_Value' from '0000000000000000000000000000' to '0' has been ignored for IP 'n3_te0722_c_addsub_v12_0_8'
WARNING: [IP_Flow 19-3374] An attempt to modify the value of disabled parameter 'Bypass_Sense' from 'Active_High' to 'Active_Low' has been ignored for IP 'n3_te0722_c_addsub_v12_0_8'
WARNING: [IP_Flow 19-3374] An attempt to modify the value of disabled parameter 'Bypass_CE_Priority' from 'CE_Overrides_Bypass' to 'Bypass_Overrides_CE' has been ignored for IP 'n3_te0722_c_addsub_v12_0_8'
WARNING: [Vivado 12-3523] Attempt to change 'Component_Name' from 'n3_te0722_c_addsub_v12_0_9' to 'n3_te0722_c_addsub_v12_0_9' is not allowed and is ignored.
WARNING: [IP_Flow 19-3374] An attempt to modify the value of disabled parameter 'B_Value' from '000000000' to '0' has been ignored for IP 'n3_te0722_c_addsub_v12_0_9'
WARNING: [IP_Flow 19-3374] An attempt to modify the value of disabled parameter 'Bypass_Sense' from 'Active_High' to 'Active_Low' has been ignored for IP 'n3_te0722_c_addsub_v12_0_9'
WARNING: [IP_Flow 19-3374] An attempt to modify the value of disabled parameter 'Bypass_CE_Priority' from 'CE_Overrides_Bypass' to 'Bypass_Overrides_CE' has been ignored for IP 'n3_te0722_c_addsub_v12_0_9'
WARNING: [Vivado 12-3523] Attempt to change 'Component_Name' from 'n3_te0722_c_counter_binary_v12_0_9' to 'n3_te0722_c_counter_binary_v12_0_9' is not allowed and is ignored.
WARNING: [Vivado 12-3523] Attempt to change 'Component_Name' from 'n3_te0722_c_addsub_v12_0_10' to 'n3_te0722_c_addsub_v12_0_10' is not allowed and is ignored.
WARNING: [IP_Flow 19-3374] An attempt to modify the value of disabled parameter 'B_Value' from '000000000000000' to '0' has been ignored for IP 'n3_te0722_c_addsub_v12_0_10'
WARNING: [IP_Flow 19-3374] An attempt to modify the value of disabled parameter 'Bypass_Sense' from 'Active_High' to 'Active_Low' has been ignored for IP 'n3_te0722_c_addsub_v12_0_10'
WARNING: [IP_Flow 19-3374] An attempt to modify the value of disabled parameter 'Bypass_CE_Priority' from 'CE_Overrides_Bypass' to 'Bypass_Overrides_CE' has been ignored for IP 'n3_te0722_c_addsub_v12_0_10'
WARNING: [Vivado 12-3523] Attempt to change 'Component_Name' from 'n3_te0722_c_addsub_v12_0_11' to 'n3_te0722_c_addsub_v12_0_11' is not allowed and is ignored.
WARNING: [IP_Flow 19-3374] An attempt to modify the value of disabled parameter 'B_Value' from '000000000' to '0' has been ignored for IP 'n3_te0722_c_addsub_v12_0_11'
WARNING: [IP_Flow 19-3374] An attempt to modify the value of disabled parameter 'Bypass_Sense' from 'Active_High' to 'Active_Low' has been ignored for IP 'n3_te0722_c_addsub_v12_0_11'
WARNING: [IP_Flow 19-3374] An attempt to modify the value of disabled parameter 'Bypass_CE_Priority' from 'CE_Overrides_Bypass' to 'Bypass_Overrides_CE' has been ignored for IP 'n3_te0722_c_addsub_v12_0_11'
WARNING: [Vivado 12-3523] Attempt to change 'Component_Name' from 'n3_te0722_c_addsub_v12_0_12' to 'n3_te0722_c_addsub_v12_0_12' is not allowed and is ignored.
WARNING: [IP_Flow 19-3374] An attempt to modify the value of disabled parameter 'B_Value' from '0000000000' to '0' has been ignored for IP 'n3_te0722_c_addsub_v12_0_12'
WARNING: [IP_Flow 19-3374] An attempt to modify the value of disabled parameter 'Bypass_Sense' from 'Active_High' to 'Active_Low' has been ignored for IP 'n3_te0722_c_addsub_v12_0_12'
WARNING: [IP_Flow 19-3374] An attempt to modify the value of disabled parameter 'Bypass_CE_Priority' from 'CE_Overrides_Bypass' to 'Bypass_Overrides_CE' has been ignored for IP 'n3_te0722_c_addsub_v12_0_12'
WARNING: [Vivado 12-3523] Attempt to change 'Component_Name' from 'n3_te0722_c_addsub_v12_0_13' to 'n3_te0722_c_addsub_v12_0_13' is not allowed and is ignored.
WARNING: [IP_Flow 19-3374] An attempt to modify the value of disabled parameter 'B_Value' from '00000000000' to '0' has been ignored for IP 'n3_te0722_c_addsub_v12_0_13'
WARNING: [IP_Flow 19-3374] An attempt to modify the value of disabled parameter 'Bypass_Sense' from 'Active_High' to 'Active_Low' has been ignored for IP 'n3_te0722_c_addsub_v12_0_13'
WARNING: [IP_Flow 19-3374] An attempt to modify the value of disabled parameter 'Bypass_CE_Priority' from 'CE_Overrides_Bypass' to 'Bypass_Overrides_CE' has been ignored for IP 'n3_te0722_c_addsub_v12_0_13'
WARNING: [Vivado 12-3523] Attempt to change 'Component_Name' from 'n3_te0722_c_addsub_v12_0_14' to 'n3_te0722_c_addsub_v12_0_14' is not allowed and is ignored.
WARNING: [IP_Flow 19-3374] An attempt to modify the value of disabled parameter 'B_Value' from '000000000' to '0' has been ignored for IP 'n3_te0722_c_addsub_v12_0_14'
WARNING: [IP_Flow 19-3374] An attempt to modify the value of disabled parameter 'Bypass_Sense' from 'Active_High' to 'Active_Low' has been ignored for IP 'n3_te0722_c_addsub_v12_0_14'
WARNING: [IP_Flow 19-3374] An attempt to modify the value of disabled parameter 'Bypass_CE_Priority' from 'CE_Overrides_Bypass' to 'Bypass_Overrides_CE' has been ignored for IP 'n3_te0722_c_addsub_v12_0_14'
WARNING: [Vivado 12-3523] Attempt to change 'Component_Name' from 'n3_te0722_c_addsub_v12_0_15' to 'n3_te0722_c_addsub_v12_0_15' is not allowed and is ignored.
WARNING: [IP_Flow 19-3374] An attempt to modify the value of disabled parameter 'B_Value' from '000000000' to '0' has been ignored for IP 'n3_te0722_c_addsub_v12_0_15'
WARNING: [IP_Flow 19-3374] An attempt to modify the value of disabled parameter 'Bypass_Sense' from 'Active_High' to 'Active_Low' has been ignored for IP 'n3_te0722_c_addsub_v12_0_15'
WARNING: [IP_Flow 19-3374] An attempt to modify the value of disabled parameter 'Bypass_CE_Priority' from 'CE_Overrides_Bypass' to 'Bypass_Overrides_CE' has been ignored for IP 'n3_te0722_c_addsub_v12_0_15'
WARNING: [Vivado 12-3523] Attempt to change 'Component_Name' from 'n3_te0722_c_addsub_v12_0_16' to 'n3_te0722_c_addsub_v12_0_16' is not allowed and is ignored.
WARNING: [IP_Flow 19-3374] An attempt to modify the value of disabled parameter 'B_Value' from '000000000000000000' to '0' has been ignored for IP 'n3_te0722_c_addsub_v12_0_16'
WARNING: [IP_Flow 19-3374] An attempt to modify the value of disabled parameter 'Bypass_Sense' from 'Active_High' to 'Active_Low' has been ignored for IP 'n3_te0722_c_addsub_v12_0_16'
WARNING: [IP_Flow 19-3374] An attempt to modify the value of disabled parameter 'Bypass_CE_Priority' from 'CE_Overrides_Bypass' to 'Bypass_Overrides_CE' has been ignored for IP 'n3_te0722_c_addsub_v12_0_16'
WARNING: [Vivado 12-3523] Attempt to change 'Component_Name' from 'n3_te0722_c_addsub_v12_0_17' to 'n3_te0722_c_addsub_v12_0_17' is not allowed and is ignored.
WARNING: [IP_Flow 19-3374] An attempt to modify the value of disabled parameter 'B_Value' from '000000000000000000' to '0' has been ignored for IP 'n3_te0722_c_addsub_v12_0_17'
WARNING: [IP_Flow 19-3374] An attempt to modify the value of disabled parameter 'Bypass_Sense' from 'Active_High' to 'Active_Low' has been ignored for IP 'n3_te0722_c_addsub_v12_0_17'
WARNING: [IP_Flow 19-3374] An attempt to modify the value of disabled parameter 'Bypass_CE_Priority' from 'CE_Overrides_Bypass' to 'Bypass_Overrides_CE' has been ignored for IP 'n3_te0722_c_addsub_v12_0_17'
WARNING: [Vivado 12-3523] Attempt to change 'Component_Name' from 'n3_te0722_c_counter_binary_v12_0_10' to 'n3_te0722_c_counter_binary_v12_0_10' is not allowed and is ignored.
WARNING: [Vivado 12-3523] Attempt to change 'Component_Name' from 'n3_te0722_c_addsub_v12_0_18' to 'n3_te0722_c_addsub_v12_0_18' is not allowed and is ignored.
WARNING: [IP_Flow 19-3374] An attempt to modify the value of disabled parameter 'B_Value' from '000000000000000000' to '0' has been ignored for IP 'n3_te0722_c_addsub_v12_0_18'
WARNING: [IP_Flow 19-3374] An attempt to modify the value of disabled parameter 'Bypass_Sense' from 'Active_High' to 'Active_Low' has been ignored for IP 'n3_te0722_c_addsub_v12_0_18'
WARNING: [IP_Flow 19-3374] An attempt to modify the value of disabled parameter 'Bypass_CE_Priority' from 'CE_Overrides_Bypass' to 'Bypass_Overrides_CE' has been ignored for IP 'n3_te0722_c_addsub_v12_0_18'
WARNING: [Vivado 12-3523] Attempt to change 'Component_Name' from 'n3_te0722_blk_mem_gen_v8_2_9' to 'n3_te0722_blk_mem_gen_v8_2_9' is not allowed and is ignored.
IP Repository Located at : /opt/Xilinx/Vivado/2014.4/data/ip
Scanning sources...
Finished scanning sources
INFO: [IP_Flow 19-234] Refreshing IP repositories
INFO: [IP_Flow 19-1704] No user IP repositories specified
INFO: [IP_Flow 19-2313] Loaded Vivado IP repository '/opt/Xilinx/Vivado/2014.4/data/ip'.
Adding File /home/graham/Dropbox/SysgenOutput/TE0722/ip_catalog/n3_te0722.srcs/sources_1/ip/n3_te0722_blk_mem_gen_v8_2_0/n3_te0722_blk_mem_gen_v8_2_0.xci
Adding File /home/graham/Dropbox/SysgenOutput/TE0722/ip_catalog/n3_te0722.srcs/sources_1/ip/n3_te0722_blk_mem_gen_v8_2_1/n3_te0722_blk_mem_gen_v8_2_1.xci
Adding File /home/graham/Dropbox/SysgenOutput/TE0722/ip_catalog/n3_te0722.srcs/sources_1/ip/n3_te0722_blk_mem_gen_v8_2_2/n3_te0722_blk_mem_gen_v8_2_2.xci
Adding File /home/graham/Dropbox/SysgenOutput/TE0722/ip_catalog/n3_te0722.srcs/sources_1/ip/n3_te0722_blk_mem_gen_v8_2_3/n3_te0722_blk_mem_gen_v8_2_3.xci
Adding File /home/graham/Dropbox/SysgenOutput/TE0722/ip_catalog/n3_te0722.srcs/sources_1/ip/n3_te0722_blk_mem_gen_v8_2_4/n3_te0722_blk_mem_gen_v8_2_4.xci
Adding File /home/graham/Dropbox/SysgenOutput/TE0722/ip_catalog/n3_te0722.srcs/sources_1/ip/n3_te0722_blk_mem_gen_v8_2_5/n3_te0722_blk_mem_gen_v8_2_5.xci
Adding File /home/graham/Dropbox/SysgenOutput/TE0722/ip_catalog/n3_te0722.srcs/sources_1/ip/n3_te0722_blk_mem_gen_v8_2_6/n3_te0722_blk_mem_gen_v8_2_6.xci
Adding File /home/graham/Dropbox/SysgenOutput/TE0722/ip_catalog/n3_te0722.srcs/sources_1/ip/n3_te0722_blk_mem_gen_v8_2_7/n3_te0722_blk_mem_gen_v8_2_7.xci
Adding File /home/graham/Dropbox/SysgenOutput/TE0722/ip_catalog/n3_te0722.srcs/sources_1/ip/n3_te0722_blk_mem_gen_v8_2_8/n3_te0722_blk_mem_gen_v8_2_8.xci
Adding File /home/graham/Dropbox/SysgenOutput/TE0722/ip_catalog/n3_te0722.srcs/sources_1/ip/n3_te0722_blk_mem_gen_v8_2_9/n3_te0722_blk_mem_gen_v8_2_9.xci
Adding File /home/graham/Dropbox/SysgenOutput/TE0722/ip_catalog/n3_te0722.srcs/sources_1/ip/n3_te0722_c_addsub_v12_0_0/n3_te0722_c_addsub_v12_0_0.xci
Adding File /home/graham/Dropbox/SysgenOutput/TE0722/ip_catalog/n3_te0722.srcs/sources_1/ip/n3_te0722_c_addsub_v12_0_1/n3_te0722_c_addsub_v12_0_1.xci
Adding File /home/graham/Dropbox/SysgenOutput/TE0722/ip_catalog/n3_te0722.srcs/sources_1/ip/n3_te0722_c_addsub_v12_0_10/n3_te0722_c_addsub_v12_0_10.xci
Adding File /home/graham/Dropbox/SysgenOutput/TE0722/ip_catalog/n3_te0722.srcs/sources_1/ip/n3_te0722_c_addsub_v12_0_11/n3_te0722_c_addsub_v12_0_11.xci
Adding File /home/graham/Dropbox/SysgenOutput/TE0722/ip_catalog/n3_te0722.srcs/sources_1/ip/n3_te0722_c_addsub_v12_0_12/n3_te0722_c_addsub_v12_0_12.xci
Adding File /home/graham/Dropbox/SysgenOutput/TE0722/ip_catalog/n3_te0722.srcs/sources_1/ip/n3_te0722_c_addsub_v12_0_13/n3_te0722_c_addsub_v12_0_13.xci
Adding File /home/graham/Dropbox/SysgenOutput/TE0722/ip_catalog/n3_te0722.srcs/sources_1/ip/n3_te0722_c_addsub_v12_0_14/n3_te0722_c_addsub_v12_0_14.xci
Adding File /home/graham/Dropbox/SysgenOutput/TE0722/ip_catalog/n3_te0722.srcs/sources_1/ip/n3_te0722_c_addsub_v12_0_15/n3_te0722_c_addsub_v12_0_15.xci
Adding File /home/graham/Dropbox/SysgenOutput/TE0722/ip_catalog/n3_te0722.srcs/sources_1/ip/n3_te0722_c_addsub_v12_0_16/n3_te0722_c_addsub_v12_0_16.xci
Adding File /home/graham/Dropbox/SysgenOutput/TE0722/ip_catalog/n3_te0722.srcs/sources_1/ip/n3_te0722_c_addsub_v12_0_17/n3_te0722_c_addsub_v12_0_17.xci
Adding File /home/graham/Dropbox/SysgenOutput/TE0722/ip_catalog/n3_te0722.srcs/sources_1/ip/n3_te0722_c_addsub_v12_0_18/n3_te0722_c_addsub_v12_0_18.xci
Adding File /home/graham/Dropbox/SysgenOutput/TE0722/ip_catalog/n3_te0722.srcs/sources_1/ip/n3_te0722_c_addsub_v12_0_2/n3_te0722_c_addsub_v12_0_2.xci
Adding File /home/graham/Dropbox/SysgenOutput/TE0722/ip_catalog/n3_te0722.srcs/sources_1/ip/n3_te0722_c_addsub_v12_0_3/n3_te0722_c_addsub_v12_0_3.xci
Adding File /home/graham/Dropbox/SysgenOutput/TE0722/ip_catalog/n3_te0722.srcs/sources_1/ip/n3_te0722_c_addsub_v12_0_4/n3_te0722_c_addsub_v12_0_4.xci
Adding File /home/graham/Dropbox/SysgenOutput/TE0722/ip_catalog/n3_te0722.srcs/sources_1/ip/n3_te0722_c_addsub_v12_0_5/n3_te0722_c_addsub_v12_0_5.xci
Adding File /home/graham/Dropbox/SysgenOutput/TE0722/ip_catalog/n3_te0722.srcs/sources_1/ip/n3_te0722_c_addsub_v12_0_6/n3_te0722_c_addsub_v12_0_6.xci
Adding File /home/graham/Dropbox/SysgenOutput/TE0722/ip_catalog/n3_te0722.srcs/sources_1/ip/n3_te0722_c_addsub_v12_0_7/n3_te0722_c_addsub_v12_0_7.xci
Adding File /home/graham/Dropbox/SysgenOutput/TE0722/ip_catalog/n3_te0722.srcs/sources_1/ip/n3_te0722_c_addsub_v12_0_8/n3_te0722_c_addsub_v12_0_8.xci
Adding File /home/graham/Dropbox/SysgenOutput/TE0722/ip_catalog/n3_te0722.srcs/sources_1/ip/n3_te0722_c_addsub_v12_0_9/n3_te0722_c_addsub_v12_0_9.xci
Adding File /home/graham/Dropbox/SysgenOutput/TE0722/ip_catalog/n3_te0722.srcs/sources_1/ip/n3_te0722_c_counter_binary_v12_0_0/n3_te0722_c_counter_binary_v12_0_0.xci
Adding File /home/graham/Dropbox/SysgenOutput/TE0722/ip_catalog/n3_te0722.srcs/sources_1/ip/n3_te0722_c_counter_binary_v12_0_1/n3_te0722_c_counter_binary_v12_0_1.xci
Adding File /home/graham/Dropbox/SysgenOutput/TE0722/ip_catalog/n3_te0722.srcs/sources_1/ip/n3_te0722_c_counter_binary_v12_0_10/n3_te0722_c_counter_binary_v12_0_10.xci
Adding File /home/graham/Dropbox/SysgenOutput/TE0722/ip_catalog/n3_te0722.srcs/sources_1/ip/n3_te0722_c_counter_binary_v12_0_2/n3_te0722_c_counter_binary_v12_0_2.xci
Adding File /home/graham/Dropbox/SysgenOutput/TE0722/ip_catalog/n3_te0722.srcs/sources_1/ip/n3_te0722_c_counter_binary_v12_0_3/n3_te0722_c_counter_binary_v12_0_3.xci
Adding File /home/graham/Dropbox/SysgenOutput/TE0722/ip_catalog/n3_te0722.srcs/sources_1/ip/n3_te0722_c_counter_binary_v12_0_4/n3_te0722_c_counter_binary_v12_0_4.xci
Adding File /home/graham/Dropbox/SysgenOutput/TE0722/ip_catalog/n3_te0722.srcs/sources_1/ip/n3_te0722_c_counter_binary_v12_0_5/n3_te0722_c_counter_binary_v12_0_5.xci
Adding File /home/graham/Dropbox/SysgenOutput/TE0722/ip_catalog/n3_te0722.srcs/sources_1/ip/n3_te0722_c_counter_binary_v12_0_6/n3_te0722_c_counter_binary_v12_0_6.xci
Adding File /home/graham/Dropbox/SysgenOutput/TE0722/ip_catalog/n3_te0722.srcs/sources_1/ip/n3_te0722_c_counter_binary_v12_0_7/n3_te0722_c_counter_binary_v12_0_7.xci
Adding File /home/graham/Dropbox/SysgenOutput/TE0722/ip_catalog/n3_te0722.srcs/sources_1/ip/n3_te0722_c_counter_binary_v12_0_8/n3_te0722_c_counter_binary_v12_0_8.xci
Adding File /home/graham/Dropbox/SysgenOutput/TE0722/ip_catalog/n3_te0722.srcs/sources_1/ip/n3_te0722_c_counter_binary_v12_0_9/n3_te0722_c_counter_binary_v12_0_9.xci
Adding File /home/graham/Dropbox/SysgenOutput/TE0722/ip_catalog/n3_te0722.srcs/sources_1/ip/n3_te0722_dist_mem_gen_v8_0_0/n3_te0722_dist_mem_gen_v8_0_0.xci
Adding File /home/graham/Dropbox/SysgenOutput/TE0722/ip_catalog/n3_te0722.srcs/sources_1/ip/n3_te0722_dist_mem_gen_v8_0_1/n3_te0722_dist_mem_gen_v8_0_1.xci
Adding File /home/graham/Dropbox/SysgenOutput/TE0722/ip_catalog/n3_te0722.srcs/sources_1/ip/n3_te0722_dist_mem_gen_v8_0_2/n3_te0722_dist_mem_gen_v8_0_2.xci
Adding File /home/graham/Dropbox/SysgenOutput/TE0722/ip_catalog/n3_te0722.srcs/sources_1/ip/n3_te0722_fifo_generator_v12_0_0/n3_te0722_fifo_generator_v12_0_0.xci
Adding File /home/graham/Dropbox/SysgenOutput/TE0722/ip_catalog/n3_te0722.srcs/sources_1/ip/n3_te0722_mult_gen_v12_0_0/n3_te0722_mult_gen_v12_0_0.xci
Adding File /home/graham/Dropbox/SysgenOutput/TE0722/ip_catalog/n3_te0722.srcs/sources_1/ip/n3_te0722_mult_gen_v12_0_1/n3_te0722_mult_gen_v12_0_1.xci
Adding File /home/graham/Dropbox/SysgenOutput/TE0722/ip_catalog/n3_te0722.srcs/sources_1/ip/n3_te0722_mult_gen_v12_0_2/n3_te0722_mult_gen_v12_0_2.xci
Adding File /home/graham/Dropbox/SysgenOutput/TE0722/sysgen/n3_te0722_clock.xdc
Adding File /home/graham/Dropbox/SysgenOutput/TE0722/sysgen/n3_te0722.xdc
Adding File /home/graham/Dropbox/SysgenOutput/TE0722/sysgen/n3_te0722_blk_mem_gen_v8_2_0_vivado.coe
Adding File /home/graham/Dropbox/SysgenOutput/TE0722/sysgen/n3_te0722_dist_mem_gen_v8_0_0_vivado.coe
Adding File /home/graham/Dropbox/SysgenOutput/TE0722/sysgen/n3_te0722_blk_mem_gen_v8_2_1_vivado.coe
Adding File /home/graham/Dropbox/SysgenOutput/TE0722/sysgen/n3_te0722_blk_mem_gen_v8_2_2_vivado.coe
Adding File /home/graham/Dropbox/SysgenOutput/TE0722/sysgen/n3_te0722_blk_mem_gen_v8_2_3_vivado.coe
Adding File /home/graham/Dropbox/SysgenOutput/TE0722/sysgen/n3_te0722_blk_mem_gen_v8_2_4_vivado.coe
Adding File /home/graham/Dropbox/SysgenOutput/TE0722/sysgen/n3_te0722_blk_mem_gen_v8_2_5_vivado.coe
Adding File /home/graham/Dropbox/SysgenOutput/TE0722/sysgen/n3_te0722_blk_mem_gen_v8_2_6_vivado.coe
Adding File /home/graham/Dropbox/SysgenOutput/TE0722/sysgen/n3_te0722_dist_mem_gen_v8_0_1_vivado.coe
Adding File /home/graham/Dropbox/SysgenOutput/TE0722/sysgen/n3_te0722_dist_mem_gen_v8_0_2_vivado.coe
Adding File /home/graham/Dropbox/SysgenOutput/TE0722/sysgen/n3_te0722_blk_mem_gen_v8_2_7_vivado.coe
Adding File /home/graham/Dropbox/SysgenOutput/TE0722/sysgen/n3_te0722_blk_mem_gen_v8_2_8_vivado.coe
Adding File /home/graham/Dropbox/SysgenOutput/TE0722/sysgen/n3_te0722_blk_mem_gen_v8_2_9_vivado.coe
Adding File /home/graham/Dropbox/SysgenOutput/TE0722/sysgen/n3_te0722.htm
INFO: [IP_Flow 19-1793] Cannot infer any bus interface that matches bus definition xilinx.com:interface:aximm:1.0.
INFO: [IP_Flow 19-1793] Cannot infer any bus interface that matches bus definition xilinx.com:interface:axis:1.0.
WARNING: [IP_Flow 19-3153] Bus Interface 'clk': ASSOCIATED_BUSIF bus parameter is missing.
INFO: [IP_Flow 19-2181] Payment Required is not set for this core.
INFO: [IP_Flow 19-2187] The Product Guide file is missing.
INFO: [IP_Flow 19-234] Refreshing IP repositories
INFO: [IP_Flow 19-1700] Loaded user IP repository '/home/graham/Dropbox/SysgenOutput/TE0722/ip'.
WARNING: [IP_Flow 19-3656] If you move the project, the path for repository '/home/graham/Dropbox/SysgenOutput/TE0722/ip' may become invalid. A better location for the repostory would be in a path adjacent to the project. (Current project location is '/home/graham/Dropbox/SysgenOutput/TE0722/ip_catalog'.)
Wrote  : </home/graham/Dropbox/SysgenOutput/TE0722/ip_catalog/n3_te0722.srcs/sources_1/bd/n3_te0722_bd/n3_te0722_bd.bd> 
WARNING: [BD 5-232] No interface pins matched 'get_bd_intf_pins /n3_te0722_1/*'
WARNING: [BD 5-232] No interface pins matched 'get_bd_intf_pins /n3_te0722_1/*'
WARNING: [BD 5-232] No interface pins matched 'get_bd_intf_pins /n3_te0722_1/*'
Wrote  : </home/graham/Dropbox/SysgenOutput/TE0722/ip_catalog/n3_te0722.srcs/sources_1/bd/n3_te0722_bd/n3_te0722_bd.bd> 
INFO: [Common 17-206] Exiting Vivado at Wed May 25 08:47:42 2016...
